<?xml version="1.0" encoding="UTF-8"?>
<!-- Generated by org.testng.reporters.JUnitXMLReporter -->
<testsuite ignored="0" hostname="192.168.1.5" failures="0" tests="6" name="Inwarrenty Flow Test" time="2.358" errors="0" timestamp="2026-03-09T21:07:10 IST">
  <testcase classname="com.api.test.LoginAPITest" name="loginAPIRequest" time="0.832"/>
  <testcase classname="com.api.test.UserDetailsAPITest" name="userDetailsAPITest" time="0.27"/>
  <testcase classname="com.api.test.CountAPITest" name="CountAPITest_MissingAuthToken" time="0.521"/>
  <testcase classname="com.api.test.CountAPITest" name="verifyCountAPIResponse" time="0.289"/>
  <testcase classname="com.api.test.MasterAPIRequestTest" name="invalidTokenForMasterAPITest" time="0.112"/>
  <testcase classname="com.api.test.MasterAPIRequestTest" name="masterAPITest" time="0.316"/>
</testsuite> <!-- Inwarrenty Flow Test -->
