<?xml version="1.0" encoding="UTF-8"?>
<!-- Generated by org.testng.reporters.JUnitXMLReporter -->
<testsuite ignored="1" hostname="192.168.1.2" failures="0" tests="1" name="Default test" time="0.987" errors="0" timestamp="2026-04-09T00:11:27 IST">
  <testcase classname="com.api.test.MasterAPIRequestTest" name="invalidTokenForMasterAPITest" time="0.978"/>
  <testcase classname="com.api.test.MasterAPIRequestTest" name="masterAPITest" time="0.0">
    <ignored/>
  </testcase> <!-- masterAPITest -->
</testsuite> <!-- Default test -->
