<?xml version="1.0" encoding="UTF-8"?>
<testng-results ignored="0" total="1" passed="1" failed="0" skipped="0">
  <reporter-output>
  </reporter-output>
  <suite started-at="2026-04-09T17:00:33 IST" name="Default suite" finished-at="2026-04-09T17:00:34 IST" duration-ms="1021">
    <groups>
    </groups>
    <test started-at="2026-04-09T17:00:33 IST" name="Default test" finished-at="2026-04-09T17:00:34 IST" duration-ms="1021">
      <class name="com.api.test.CreateJobAPITest">
        <test-method signature="createJobAPITest()[pri:0, instance:com.api.test.CreateJobAPITest@16293aa2]" started-at="2026-04-09T17:00:33 IST" name="createJobAPITest" finished-at="2026-04-09T17:00:34 IST" duration-ms="1010" status="PASS">
          <reporter-output>
          </reporter-output>
        </test-method> <!-- createJobAPITest -->
      </class> <!-- com.api.test.CreateJobAPITest -->
    </test> <!-- Default test -->
  </suite> <!-- Default suite -->
</testng-results>
