<?xml version="1.0" encoding="UTF-8"?>
<testng-results ignored="0" total="6" passed="6" failed="0" skipped="0">
  <reporter-output>
  </reporter-output>
  <suite started-at="2026-03-09T21:07:08 IST" name="Phoenix API Test Suite" finished-at="2026-03-09T21:07:10 IST" duration-ms="2358">
    <groups>
    </groups>
    <test started-at="2026-03-09T21:07:08 IST" name="Inwarrenty Flow Test" finished-at="2026-03-09T21:07:10 IST" duration-ms="2358">
      <class name="com.api.test.CountAPITest">
        <test-method signature="CountAPITest_MissingAuthToken()[pri:0, instance:com.api.test.CountAPITest@6d763516]" started-at="2026-03-09T21:07:09 IST" name="CountAPITest_MissingAuthToken" finished-at="2026-03-09T21:07:09 IST" duration-ms="521" status="PASS">
          <reporter-output>
          </reporter-output>
        </test-method> <!-- CountAPITest_MissingAuthToken -->
        <test-method signature="verifyCountAPIResponse()[pri:0, instance:com.api.test.CountAPITest@6d763516]" started-at="2026-03-09T21:07:09 IST" name="verifyCountAPIResponse" finished-at="2026-03-09T21:07:10 IST" duration-ms="289" status="PASS">
          <reporter-output>
          </reporter-output>
        </test-method> <!-- verifyCountAPIResponse -->
      </class> <!-- com.api.test.CountAPITest -->
      <class name="com.api.test.MasterAPIRequestTest">
        <test-method signature="invalidTokenForMasterAPITest()[pri:0, instance:com.api.test.MasterAPIRequestTest@52bf72b5]" started-at="2026-03-09T21:07:10 IST" name="invalidTokenForMasterAPITest" finished-at="2026-03-09T21:07:10 IST" duration-ms="112" status="PASS">
          <reporter-output>
          </reporter-output>
        </test-method> <!-- invalidTokenForMasterAPITest -->
        <test-method signature="masterAPITest()[pri:0, instance:com.api.test.MasterAPIRequestTest@52bf72b5]" started-at="2026-03-09T21:07:10 IST" name="masterAPITest" finished-at="2026-03-09T21:07:10 IST" duration-ms="316" status="PASS">
          <reporter-output>
          </reporter-output>
        </test-method> <!-- masterAPITest -->
      </class> <!-- com.api.test.MasterAPIRequestTest -->
      <class name="com.api.test.LoginAPITest">
        <test-method signature="loginAPIRequest()[pri:0, instance:com.api.test.LoginAPITest@12468a38]" started-at="2026-03-09T21:07:08 IST" name="loginAPIRequest" finished-at="2026-03-09T21:07:09 IST" duration-ms="832" status="PASS">
          <reporter-output>
          </reporter-output>
        </test-method> <!-- loginAPIRequest -->
      </class> <!-- com.api.test.LoginAPITest -->
      <class name="com.api.test.UserDetailsAPITest">
        <test-method signature="userDetailsAPITest()[pri:0, instance:com.api.test.UserDetailsAPITest@2a798d51]" started-at="2026-03-09T21:07:09 IST" name="userDetailsAPITest" finished-at="2026-03-09T21:07:09 IST" duration-ms="270" status="PASS">
          <reporter-output>
          </reporter-output>
        </test-method> <!-- userDetailsAPITest -->
      </class> <!-- com.api.test.UserDetailsAPITest -->
    </test> <!-- Inwarrenty Flow Test -->
  </suite> <!-- Phoenix API Test Suite -->
</testng-results>
