<?xml version="1.0" encoding="UTF-8"?>
<!-- Generated by org.testng.reporters.JUnitReportReporter -->
<testsuite hostname="192.168.1.5" failures="0" tests="2" name="com.api.test.CountAPITest" time="0.810" errors="0" timestamp="2026-03-09T21:07:10 IST" skipped="0">
  <testcase classname="com.api.test.CountAPITest" name="CountAPITest_MissingAuthToken" time="0.521"/>
  <testcase classname="com.api.test.CountAPITest" name="verifyCountAPIResponse" time="0.289"/>
</testsuite> <!-- com.api.test.CountAPITest -->
