<?xml version="1.0" encoding="UTF-8"?>
<!-- Generated by org.testng.reporters.JUnitReportReporter -->
<testsuite hostname="192.168.1.5" failures="0" tests="2" name="com.api.test.MasterAPIRequestTest" time="0.428" errors="0" timestamp="2026-03-09T21:07:10 IST" skipped="0">
  <testcase classname="com.api.test.MasterAPIRequestTest" name="invalidTokenForMasterAPITest" time="0.112"/>
  <testcase classname="com.api.test.MasterAPIRequestTest" name="masterAPITest" time="0.316"/>
</testsuite> <!-- com.api.test.MasterAPIRequestTest -->
